# JRE version: OpenJDK Runtime Environment Microsoft-9388408 (17.0.11+9) (build 17.0.11+9-LTS)
# Java VM: OpenJDK 64-Bit Server VM Microsoft-9388408 (17.0.11+9-LTS, mixed mode, sharing, tiered, compressed oops, compressed class ptrs, g1 gc, windows-amd64)
GC Precious Log:
 CPUs: 4 total, 4 available
 Memory: 7631M
 Large Page Support: Disabled
 NUMA Support: Disabled
 Compressed Oops: Enabled (32-bit)
 Heap Region Size: 1M
 Heap Min Capacity: 8M
 Heap Initial Capacity: 120M
 Heap Max Capacity: 1908M
 Pre-touch: Disabled
 Parallel Workers: 4
 Concurrent Workers: 1
 Concurrent Refinement Workers: 4
 Periodic GC: Disabled
Heap:
 garbage-first heap   total 55296K, used 32620K [0x0000000088c00000, 0x0000000100000000)
  region size 1024K, 14 young (14336K), 3 survivors (3072K)
 Metaspace       used 32953K, committed 33216K, reserved 1114112K
  class space    used 4067K, committed 4224K, reserved 1048576K
GC Heap History (12 events):
Event: 0.631 GC heap before
{Heap before GC invocations=0 (full 0):
 garbage-first heap   total 122880K, used 17408K [0x0000000088c00000, 0x0000000100000000)
  region size 1024K, 13 young (13312K), 0 survivors (0K)
 Metaspace       used 4385K, committed 4544K, reserved 1114112K
  class space    used 351K, committed 448K, reserved 1048576K
}
Event: 0.638 GC heap after
{Heap after GC invocations=1 (full 0):
 garbage-first heap   total 122880K, used 6480K [0x0000000088c00000, 0x0000000100000000)
  region size 1024K, 2 young (2048K), 2 survivors (2048K)
 Metaspace       used 4385K, committed 4544K, reserved 1114112K
  class space    used 351K, committed 448K, reserved 1048576K
}
Event: 1.281 GC heap before
{Heap before GC invocations=1 (full 0):
 garbage-first heap   total 122880K, used 22864K [0x0000000088c00000, 0x0000000100000000)
  region size 1024K, 18 young (18432K), 2 survivors (2048K)
 Metaspace       used 9133K, committed 9280K, reserved 1114112K
  class space    used 981K, committed 1024K, reserved 1048576K
}
Event: 1.284 GC heap after
{Heap after GC invocations=2 (full 0):
 garbage-first heap   total 122880K, used 7272K [0x0000000088c00000, 0x0000000100000000)
  region size 1024K, 1 young (1024K), 1 survivors (1024K)
 Metaspace       used 9133K, committed 9280K, reserved 1114112K
  class space    used 981K, committed 1024K, reserved 1048576K
}
Event: 3.371 GC heap before
{Heap before GC invocations=2 (full 0):
 garbage-first heap   total 122880K, used 65640K [0x0000000088c00000, 0x0000000100000000)
  region size 1024K, 57 young (58368K), 1 survivors (1024K)
 Metaspace       used 21367K, committed 21504K, reserved 1114112K
  class space    used 2876K, committed 2944K, reserved 1048576K
}
Event: 3.386 GC heap after
{Heap after GC invocations=3 (full 0):
 garbage-first heap   total 122880K, used 14313K [0x0000000088c00000, 0x0000000100000000)
  region size 1024K, 8 young (8192K), 8 survivors (8192K)
 Metaspace       used 21367K, committed 21504K, reserved 1114112K
  class space    used 2876K, committed 2944K, reserved 1048576K
}
Event: 3.848 GC heap before
{Heap before GC invocations=4 (full 0):
 garbage-first heap   total 55296K, used 38889K [0x0000000088c00000, 0x0000000100000000)
  region size 1024K, 32 young (32768K), 8 survivors (8192K)
 Metaspace       used 26133K, committed 26304K, reserved 1114112K
  class space    used 3310K, committed 3392K, reserved 1048576K
}
Event: 3.862 GC heap after
{Heap after GC invocations=5 (full 0):
 garbage-first heap   total 55296K, used 17191K [0x0000000088c00000, 0x0000000100000000)
  region size 1024K, 3 young (3072K), 3 survivors (3072K)
 Metaspace       used 26133K, committed 26304K, reserved 1114112K
  class space    used 3310K, committed 3392K, reserved 1048576K
}
Event: 3.893 GC heap before
{Heap before GC invocations=5 (full 0):
 garbage-first heap   total 55296K, used 18215K [0x0000000088c00000, 0x0000000100000000)
  region size 1024K, 4 young (4096K), 3 survivors (3072K)
 Metaspace       used 26378K, committed 26560K, reserved 1114112K
  class space    used 3338K, committed 3392K, reserved 1048576K
}
Event: 3.900 GC heap after
{Heap after GC invocations=6 (full 0):
 garbage-first heap   total 55296K, used 18079K [0x0000000088c00000, 0x0000000100000000)
  region size 1024K, 1 young (1024K), 1 survivors (1024K)
 Metaspace       used 26378K, committed 26560K, reserved 1114112K
  class space    used 3338K, committed 3392K, reserved 1048576K
}
Event: 5.167 GC heap before
{Heap before GC invocations=6 (full 0):
 garbage-first heap   total 55296K, used 40607K [0x0000000088c00000, 0x0000000100000000)
  region size 1024K, 23 young (23552K), 1 survivors (1024K)
 Metaspace       used 30855K, committed 31040K, reserved 1114112K
  class space    used 3819K, committed 3904K, reserved 1048576K
}
Event: 5.175 GC heap after
{Heap after GC invocations=7 (full 0):
 garbage-first heap   total 55296K, used 20332K [0x0000000088c00000, 0x0000000100000000)
  region size 1024K, 3 young (3072K), 3 survivors (3072K)
 Metaspace       used 30855K, committed 31040K, reserved 1114112K
  class space    used 3819K, committed 3904K, reserved 1048576K
}

