# JRE version: OpenJDK Runtime Environment Microsoft-9388408 (17.0.11+9) (build 17.0.11+9-LTS)
# Java VM: OpenJDK 64-Bit Server VM Microsoft-9388408 (17.0.11+9-LTS, mixed mode, sharing, tiered, compressed oops, compressed class ptrs, g1 gc, windows-amd64)
GC Precious Log:
 CPUs: 4 total, 4 available
 Memory: 7631M
 Large Page Support: Disabled
 NUMA Support: Disabled
 Compressed Oops: Enabled (32-bit)
 Heap Region Size: 1M
 Heap Min Capacity: 8M
 Heap Initial Capacity: 120M
 Heap Max Capacity: 2G
 Pre-touch: Disabled
 Parallel Workers: 4
 Concurrent Workers: 1
 Concurrent Refinement Workers: 4
 Periodic GC: Disabled
Heap:
 garbage-first heap   total 455680K, used 369664K [0x0000000080000000, 0x0000000100000000)
  region size 1024K, 53 young (54272K), 12 survivors (12288K)
 Metaspace       used 152433K, committed 153792K, reserved 622592K
  class space    used 20296K, committed 20928K, reserved 425984K
GC Heap History (20 events):
Event: 54.708 GC heap before
{Heap before GC invocations=52 (full 0):
 garbage-first heap   total 362496K, used 311296K [0x0000000080000000, 0x0000000100000000)
  region size 1024K, 52 young (53248K), 7 survivors (7168K)
 Metaspace       used 133249K, committed 134592K, reserved 557056K
  class space    used 17691K, committed 18304K, reserved 425984K
}
Event: 54.721 GC heap after
{Heap after GC invocations=53 (full 0):
 garbage-first heap   total 362496K, used 272384K [0x0000000080000000, 0x0000000100000000)
  region size 1024K, 7 young (7168K), 7 survivors (7168K)
 Metaspace       used 133249K, committed 134592K, reserved 557056K
  class space    used 17691K, committed 18304K, reserved 425984K
}
Event: 55.523 GC heap before
{Heap before GC invocations=53 (full 0):
 garbage-first heap   total 362496K, used 308224K [0x0000000080000000, 0x0000000100000000)
  region size 1024K, 43 young (44032K), 7 survivors (7168K)
 Metaspace       used 133534K, committed 134848K, reserved 557056K
  class space    used 17709K, committed 18304K, reserved 425984K
}
Event: 55.537 GC heap after
{Heap after GC invocations=54 (full 0):
 garbage-first heap   total 362496K, used 279894K [0x0000000080000000, 0x0000000100000000)
  region size 1024K, 6 young (6144K), 6 survivors (6144K)
 Metaspace       used 133534K, committed 134848K, reserved 557056K
  class space    used 17709K, committed 18304K, reserved 425984K
}
Event: 56.778 GC heap before
{Heap before GC invocations=54 (full 0):
 garbage-first heap   total 362496K, used 308566K [0x0000000080000000, 0x0000000100000000)
  region size 1024K, 35 young (35840K), 6 survivors (6144K)
 Metaspace       used 133963K, committed 135296K, reserved 557056K
  class space    used 17743K, committed 18368K, reserved 425984K
}
Event: 56.786 GC heap after
{Heap after GC invocations=55 (full 0):
 garbage-first heap   total 362496K, used 280434K [0x0000000080000000, 0x0000000100000000)
  region size 1024K, 3 young (3072K), 3 survivors (3072K)
 Metaspace       used 133963K, committed 135296K, reserved 557056K
  class space    used 17743K, committed 18368K, reserved 425984K
}
Event: 58.090 GC heap before
{Heap before GC invocations=56 (full 0):
 garbage-first heap   total 455680K, used 295794K [0x0000000080000000, 0x0000000100000000)
  region size 1024K, 33 young (33792K), 3 survivors (3072K)
 Metaspace       used 134459K, committed 135872K, reserved 557056K
  class space    used 17830K, committed 18496K, reserved 425984K
}
Event: 58.100 GC heap after
{Heap after GC invocations=57 (full 0):
 garbage-first heap   total 455680K, used 268057K [0x0000000080000000, 0x0000000100000000)
  region size 1024K, 5 young (5120K), 5 survivors (5120K)
 Metaspace       used 134459K, committed 135872K, reserved 557056K
  class space    used 17830K, committed 18496K, reserved 425984K
}
Event: 58.678 GC heap before
{Heap before GC invocations=57 (full 0):
 garbage-first heap   total 455680K, used 284441K [0x0000000080000000, 0x0000000100000000)
  region size 1024K, 22 young (22528K), 5 survivors (5120K)
 Metaspace       used 134482K, committed 135936K, reserved 557056K
  class space    used 17831K, committed 18496K, reserved 425984K
}
Event: 58.695 GC heap after
{Heap after GC invocations=58 (full 0):
 garbage-first heap   total 455680K, used 247345K [0x0000000080000000, 0x0000000100000000)
  region size 1024K, 3 young (3072K), 3 survivors (3072K)
 Metaspace       used 134482K, committed 135936K, reserved 557056K
  class space    used 17831K, committed 18496K, reserved 425984K
}
Event: 65.582 GC heap before
{Heap before GC invocations=58 (full 0):
 garbage-first heap   total 455680K, used 369201K [0x0000000080000000, 0x0000000100000000)
  region size 1024K, 121 young (123904K), 3 survivors (3072K)
 Metaspace       used 143275K, committed 144640K, reserved 557056K
  class space    used 19029K, committed 19648K, reserved 425984K
}
Event: 65.596 GC heap after
{Heap after GC invocations=59 (full 0):
 garbage-first heap   total 455680K, used 257869K [0x0000000080000000, 0x0000000100000000)
  region size 1024K, 14 young (14336K), 14 survivors (14336K)
 Metaspace       used 143275K, committed 144640K, reserved 557056K
  class space    used 19029K, committed 19648K, reserved 425984K
}
Event: 76.512 GC heap before
{Heap before GC invocations=60 (full 0):
 garbage-first heap   total 455680K, used 388941K [0x0000000080000000, 0x0000000100000000)
  region size 1024K, 125 young (128000K), 14 survivors (14336K)
 Metaspace       used 150489K, committed 151936K, reserved 622592K
  class space    used 20086K, committed 20736K, reserved 425984K
}
Event: 76.525 GC heap after
{Heap after GC invocations=61 (full 0):
 garbage-first heap   total 455680K, used 263080K [0x0000000080000000, 0x0000000100000000)
  region size 1024K, 8 young (8192K), 8 survivors (8192K)
 Metaspace       used 150489K, committed 151936K, reserved 622592K
  class space    used 20086K, committed 20736K, reserved 425984K
}
Event: 77.902 GC heap before
{Heap before GC invocations=61 (full 0):
 garbage-first heap   total 455680K, used 277416K [0x0000000080000000, 0x0000000100000000)
  region size 1024K, 22 young (22528K), 8 survivors (8192K)
 Metaspace       used 150645K, committed 152064K, reserved 622592K
  class space    used 20101K, committed 20736K, reserved 425984K
}
Event: 77.910 GC heap after
{Heap after GC invocations=62 (full 0):
 garbage-first heap   total 455680K, used 251908K [0x0000000080000000, 0x0000000100000000)
  region size 1024K, 2 young (2048K), 2 survivors (2048K)
 Metaspace       used 150645K, committed 152064K, reserved 622592K
  class space    used 20101K, committed 20736K, reserved 425984K
}
Event: 88.407 GC heap before
{Heap before GC invocations=62 (full 0):
 garbage-first heap   total 455680K, used 424964K [0x0000000080000000, 0x0000000100000000)
  region size 1024K, 121 young (123904K), 2 survivors (2048K)
 Metaspace       used 151901K, committed 153280K, reserved 622592K
  class space    used 20225K, committed 20864K, reserved 425984K
}
Event: 88.420 GC heap after
{Heap after GC invocations=63 (full 0):
 garbage-first heap   total 455680K, used 294550K [0x0000000080000000, 0x0000000100000000)
  region size 1024K, 16 young (16384K), 16 survivors (16384K)
 Metaspace       used 151901K, committed 153280K, reserved 622592K
  class space    used 20225K, committed 20864K, reserved 425984K
}
Event: 90.839 GC heap before
{Heap before GC invocations=63 (full 0):
 garbage-first heap   total 455680K, used 377494K [0x0000000080000000, 0x0000000100000000)
  region size 1024K, 96 young (98304K), 16 survivors (16384K)
 Metaspace       used 152400K, committed 153792K, reserved 622592K
  class space    used 20295K, committed 20928K, reserved 425984K
}
Event: 90.886 GC heap after
{Heap after GC invocations=64 (full 0):
 garbage-first heap   total 455680K, used 328704K [0x0000000080000000, 0x0000000100000000)
  region size 1024K, 12 young (12288K), 12 survivors (12288K)
 Metaspace       used 152400K, committed 153792K, reserved 622592K
  class space    used 20295K, committed 20928K, reserved 425984K
}

