# JRE version: OpenJDK Runtime Environment Microsoft-9388408 (17.0.11+9) (build 17.0.11+9-LTS)
# Java VM: OpenJDK 64-Bit Server VM Microsoft-9388408 (17.0.11+9-LTS, mixed mode, sharing, tiered, compressed oops, compressed class ptrs, g1 gc, windows-amd64)
GC Precious Log:
 CPUs: 4 total, 4 available
 Memory: 7631M
 Large Page Support: Disabled
 NUMA Support: Disabled
 Compressed Oops: Enabled (32-bit)
 Heap Region Size: 1M
 Heap Min Capacity: 8M
 Heap Initial Capacity: 120M
 Heap Max Capacity: 2G
 Pre-touch: Disabled
 Parallel Workers: 4
 Concurrent Workers: 1
 Concurrent Refinement Workers: 4
 Periodic GC: Disabled
Heap:
 garbage-first heap   total 490496K, used 243712K [0x0000000080000000, 0x0000000100000000)
  region size 1024K, 22 young (22528K), 22 survivors (22528K)
 Metaspace       used 120731K, committed 122368K, reserved 557056K
  class space    used 16363K, committed 17152K, reserved 425984K
GC Heap History (20 events):
Event: 3438.407 GC heap after
{Heap after GC invocations=69 (full 0):
 garbage-first heap   total 389120K, used 245446K [0x0000000080000000, 0x0000000100000000)
  region size 1024K, 2 young (2048K), 2 survivors (2048K)
 Metaspace       used 113428K, committed 114816K, reserved 557056K
  class space    used 15491K, committed 16128K, reserved 425984K
}
Event: 3440.221 GC heap before
{Heap before GC invocations=69 (full 0):
 garbage-first heap   total 389120K, used 308934K [0x0000000080000000, 0x0000000100000000)
  region size 1024K, 64 young (65536K), 2 survivors (2048K)
 Metaspace       used 113780K, committed 115200K, reserved 557056K
  class space    used 15535K, committed 16192K, reserved 425984K
}
Event: 3440.402 GC heap after
{Heap after GC invocations=70 (full 0):
 garbage-first heap   total 389120K, used 251893K [0x0000000080000000, 0x0000000100000000)
  region size 1024K, 8 young (8192K), 8 survivors (8192K)
 Metaspace       used 113780K, committed 115200K, reserved 557056K
  class space    used 15535K, committed 16192K, reserved 425984K
}
Event: 3442.390 GC heap before
{Heap before GC invocations=70 (full 0):
 garbage-first heap   total 389120K, used 313332K [0x0000000080000000, 0x0000000100000000)
  region size 1024K, 69 young (70656K), 8 survivors (8192K)
 Metaspace       used 114146K, committed 115648K, reserved 557056K
  class space    used 15580K, committed 16256K, reserved 425984K
}
Event: 3442.400 GC heap after
{Heap after GC invocations=71 (full 0):
 garbage-first heap   total 389120K, used 254999K [0x0000000080000000, 0x0000000100000000)
  region size 1024K, 4 young (4096K), 4 survivors (4096K)
 Metaspace       used 114146K, committed 115648K, reserved 557056K
  class space    used 15580K, committed 16256K, reserved 425984K
}
Event: 4263.114 GC heap before
{Heap before GC invocations=71 (full 0):
 garbage-first heap   total 389120K, used 318487K [0x0000000080000000, 0x0000000100000000)
  region size 1024K, 67 young (68608K), 4 survivors (4096K)
 Metaspace       used 114348K, committed 115904K, reserved 557056K
  class space    used 15598K, committed 16320K, reserved 425984K
}
Event: 4263.180 GC heap after
{Heap after GC invocations=72 (full 0):
 garbage-first heap   total 389120K, used 254672K [0x0000000080000000, 0x0000000100000000)
  region size 1024K, 3 young (3072K), 3 survivors (3072K)
 Metaspace       used 114348K, committed 115904K, reserved 557056K
  class space    used 15598K, committed 16320K, reserved 425984K
}
Event: 6789.383 GC heap before
{Heap before GC invocations=72 (full 0):
 garbage-first heap   total 389120K, used 324304K [0x0000000080000000, 0x0000000100000000)
  region size 1024K, 71 young (72704K), 3 survivors (3072K)
 Metaspace       used 114348K, committed 115904K, reserved 557056K
  class space    used 15598K, committed 16320K, reserved 425984K
}
Event: 6789.514 GC heap after
{Heap after GC invocations=73 (full 0):
 garbage-first heap   total 389120K, used 254672K [0x0000000080000000, 0x0000000100000000)
  region size 1024K, 3 young (3072K), 3 survivors (3072K)
 Metaspace       used 114348K, committed 115904K, reserved 557056K
  class space    used 15598K, committed 16320K, reserved 425984K
}
Event: 8180.734 GC heap before
{Heap before GC invocations=73 (full 0):
 garbage-first heap   total 389120K, used 327376K [0x0000000080000000, 0x0000000100000000)
  region size 1024K, 75 young (76800K), 3 survivors (3072K)
 Metaspace       used 119572K, committed 121216K, reserved 557056K
  class space    used 16250K, committed 17024K, reserved 425984K
}
Event: 8180.756 GC heap after
{Heap after GC invocations=74 (full 0):
 garbage-first heap   total 389120K, used 258311K [0x0000000080000000, 0x0000000100000000)
  region size 1024K, 7 young (7168K), 7 survivors (7168K)
 Metaspace       used 119572K, committed 121216K, reserved 557056K
  class space    used 16250K, committed 17024K, reserved 425984K
}
Event: 8180.873 GC heap before
{Heap before GC invocations=74 (full 0):
 garbage-first heap   total 389120K, used 268551K [0x0000000080000000, 0x0000000100000000)
  region size 1024K, 18 young (18432K), 7 survivors (7168K)
 Metaspace       used 119642K, committed 121216K, reserved 557056K
  class space    used 16255K, committed 17024K, reserved 425984K
}
Event: 8180.905 GC heap after
{Heap after GC invocations=75 (full 0):
 garbage-first heap   total 389120K, used 259195K [0x0000000080000000, 0x0000000100000000)
  region size 1024K, 6 young (6144K), 6 survivors (6144K)
 Metaspace       used 119642K, committed 121216K, reserved 557056K
  class space    used 16255K, committed 17024K, reserved 425984K
}
Event: 8186.367 GC heap before
{Heap before GC invocations=76 (full 0):
 garbage-first heap   total 490496K, used 322683K [0x0000000080000000, 0x0000000100000000)
  region size 1024K, 70 young (71680K), 6 survivors (6144K)
 Metaspace       used 119647K, committed 121408K, reserved 557056K
  class space    used 16207K, committed 17024K, reserved 425984K
}
Event: 8186.401 GC heap after
{Heap after GC invocations=77 (full 0):
 garbage-first heap   total 490496K, used 268288K [0x0000000080000000, 0x0000000100000000)
  region size 1024K, 9 young (9216K), 9 survivors (9216K)
 Metaspace       used 119647K, committed 121408K, reserved 557056K
  class space    used 16207K, committed 17024K, reserved 425984K
}
Event: 8186.570 GC heap before
{Heap before GC invocations=77 (full 0):
 garbage-first heap   total 490496K, used 282624K [0x0000000080000000, 0x0000000100000000)
  region size 1024K, 23 young (23552K), 9 survivors (9216K)
 Metaspace       used 119708K, committed 121408K, reserved 557056K
  class space    used 16217K, committed 17024K, reserved 425984K
}
Event: 8186.607 GC heap after
{Heap after GC invocations=78 (full 0):
 garbage-first heap   total 490496K, used 232950K [0x0000000080000000, 0x0000000100000000)
  region size 1024K, 3 young (3072K), 3 survivors (3072K)
 Metaspace       used 119708K, committed 121408K, reserved 557056K
  class space    used 16217K, committed 17024K, reserved 425984K
}
Event: 8186.839 GC heap before
{Heap before GC invocations=78 (full 0):
 garbage-first heap   total 490496K, used 253430K [0x0000000080000000, 0x0000000100000000)
  region size 1024K, 23 young (23552K), 3 survivors (3072K)
 Metaspace       used 119767K, committed 121408K, reserved 557056K
  class space    used 16224K, committed 17024K, reserved 425984K
}
Event: 8186.941 GC heap after
{Heap after GC invocations=79 (full 0):
 garbage-first heap   total 490496K, used 217600K [0x0000000080000000, 0x0000000100000000)
  region size 1024K, 3 young (3072K), 3 survivors (3072K)
 Metaspace       used 119767K, committed 121408K, reserved 557056K
  class space    used 16224K, committed 17024K, reserved 425984K
}
Event: 8221.791 GC heap before
{Heap before GC invocations=79 (full 0):
 garbage-first heap   total 490496K, used 391680K [0x0000000080000000, 0x0000000100000000)
  region size 1024K, 173 young (177152K), 3 survivors (3072K)
 Metaspace       used 120731K, committed 122368K, reserved 557056K
  class space    used 16363K, committed 17152K, reserved 425984K
}

