# JRE version: OpenJDK Runtime Environment Microsoft-9388408 (17.0.11+9) (build 17.0.11+9-LTS)
# Java VM: OpenJDK 64-Bit Server VM Microsoft-9388408 (17.0.11+9-LTS, mixed mode, sharing, tiered, compressed oops, compressed class ptrs, g1 gc, windows-amd64)
GC Precious Log:
 CPUs: 4 total, 4 available
 Memory: 7631M
 Large Page Support: Disabled
 NUMA Support: Disabled
 Compressed Oops: Enabled (32-bit)
 Heap Region Size: 1M
 Heap Min Capacity: 8M
 Heap Initial Capacity: 120M
 Heap Max Capacity: 1908M
 Pre-touch: Disabled
 Parallel Workers: 4
 Concurrent Workers: 1
 Concurrent Refinement Workers: 4
 Periodic GC: Disabled
Heap:
 garbage-first heap   total 110592K, used 28062K [0x0000000088c00000, 0x0000000100000000)
  region size 1024K, 6 young (6144K), 5 survivors (5120K)
 Metaspace       used 35897K, committed 36160K, reserved 1114112K
  class space    used 4380K, committed 4544K, reserved 1048576K
GC Heap History (14 events):
Event: 0.497 GC heap before
{Heap before GC invocations=0 (full 0):
 garbage-first heap   total 122880K, used 17408K [0x0000000088c00000, 0x0000000100000000)
  region size 1024K, 13 young (13312K), 0 survivors (0K)
 Metaspace       used 4379K, committed 4480K, reserved 1114112K
  class space    used 351K, committed 448K, reserved 1048576K
}
Event: 0.503 GC heap after
{Heap after GC invocations=1 (full 0):
 garbage-first heap   total 122880K, used 6452K [0x0000000088c00000, 0x0000000100000000)
  region size 1024K, 2 young (2048K), 2 survivors (2048K)
 Metaspace       used 4379K, committed 4480K, reserved 1114112K
  class space    used 351K, committed 448K, reserved 1048576K
}
Event: 1.050 GC heap before
{Heap before GC invocations=1 (full 0):
 garbage-first heap   total 122880K, used 21812K [0x0000000088c00000, 0x0000000100000000)
  region size 1024K, 18 young (18432K), 2 survivors (2048K)
 Metaspace       used 9133K, committed 9280K, reserved 1114112K
  class space    used 981K, committed 1024K, reserved 1048576K
}
Event: 1.053 GC heap after
{Heap after GC invocations=2 (full 0):
 garbage-first heap   total 122880K, used 7253K [0x0000000088c00000, 0x0000000100000000)
  region size 1024K, 1 young (1024K), 1 survivors (1024K)
 Metaspace       used 9133K, committed 9280K, reserved 1114112K
  class space    used 981K, committed 1024K, reserved 1048576K
}
Event: 3.162 GC heap before
{Heap before GC invocations=2 (full 0):
 garbage-first heap   total 122880K, used 65621K [0x0000000088c00000, 0x0000000100000000)
  region size 1024K, 57 young (58368K), 1 survivors (1024K)
 Metaspace       used 21369K, committed 21504K, reserved 1114112K
  class space    used 2876K, committed 2944K, reserved 1048576K
}
Event: 3.176 GC heap after
{Heap after GC invocations=3 (full 0):
 garbage-first heap   total 122880K, used 14527K [0x0000000088c00000, 0x0000000100000000)
  region size 1024K, 8 young (8192K), 8 survivors (8192K)
 Metaspace       used 21369K, committed 21504K, reserved 1114112K
  class space    used 2876K, committed 2944K, reserved 1048576K
}
Event: 3.691 GC heap before
{Heap before GC invocations=4 (full 0):
 garbage-first heap   total 55296K, used 39103K [0x0000000088c00000, 0x0000000100000000)
  region size 1024K, 32 young (32768K), 8 survivors (8192K)
 Metaspace       used 26157K, committed 26304K, reserved 1114112K
  class space    used 3319K, committed 3392K, reserved 1048576K
}
Event: 3.705 GC heap after
{Heap after GC invocations=5 (full 0):
 garbage-first heap   total 55296K, used 17403K [0x0000000088c00000, 0x0000000100000000)
  region size 1024K, 3 young (3072K), 3 survivors (3072K)
 Metaspace       used 26157K, committed 26304K, reserved 1114112K
  class space    used 3319K, committed 3392K, reserved 1048576K
}
Event: 3.714 GC heap before
{Heap before GC invocations=5 (full 0):
 garbage-first heap   total 55296K, used 18427K [0x0000000088c00000, 0x0000000100000000)
  region size 1024K, 4 young (4096K), 3 survivors (3072K)
 Metaspace       used 26178K, committed 26368K, reserved 1114112K
  class space    used 3319K, committed 3392K, reserved 1048576K
}
Event: 3.719 GC heap after
{Heap after GC invocations=6 (full 0):
 garbage-first heap   total 55296K, used 18090K [0x0000000088c00000, 0x0000000100000000)
  region size 1024K, 1 young (1024K), 1 survivors (1024K)
 Metaspace       used 26178K, committed 26368K, reserved 1114112K
  class space    used 3319K, committed 3392K, reserved 1048576K
}
Event: 4.503 GC heap before
{Heap before GC invocations=6 (full 0):
 garbage-first heap   total 55296K, used 39594K [0x0000000088c00000, 0x0000000100000000)
  region size 1024K, 22 young (22528K), 1 survivors (1024K)
 Metaspace       used 30883K, committed 31040K, reserved 1114112K
  class space    used 3844K, committed 3904K, reserved 1048576K
}
Event: 4.512 GC heap after
{Heap after GC invocations=7 (full 0):
 garbage-first heap   total 55296K, used 21177K [0x0000000088c00000, 0x0000000100000000)
  region size 1024K, 3 young (3072K), 3 survivors (3072K)
 Metaspace       used 30883K, committed 31040K, reserved 1114112K
  class space    used 3844K, committed 3904K, reserved 1048576K
}
Event: 5.296 GC heap before
{Heap before GC invocations=7 (full 0):
 garbage-first heap   total 55296K, used 42681K [0x0000000088c00000, 0x0000000100000000)
  region size 1024K, 22 young (22528K), 3 survivors (3072K)
 Metaspace       used 34052K, committed 34368K, reserved 1114112K
  class space    used 4192K, committed 4352K, reserved 1048576K
}
Event: 5.305 GC heap after
{Heap after GC invocations=8 (full 0):
 garbage-first heap   total 110592K, used 26487K [0x0000000088c00000, 0x0000000100000000)
  region size 1024K, 3 young (3072K), 3 survivors (3072K)
 Metaspace       used 34052K, committed 34368K, reserved 1114112K
  class space    used 4192K, committed 4352K, reserved 1048576K
}

